Using pre-set license

 COMMAND LINE ARGUMENTS:
/Applications/Unity/Hub/Editor/2020.3.11f1/Unity.app/Contents/MacOS/Unity
-adb2
-batchMode
-noUpm
-name
AssetImportWorker0
-projectPath
/Users/mockingjay/Documents/GitHub/InterioProject/Interio
-logFile
Logs/AssetImportWorker0.log
-srvPort
53262
Successfully changed project path to: /Users/mockingjay/Documents/GitHub/InterioProject/Interio
/Users/mockingjay/Documents/GitHub/InterioProject/Interio
Using Asset Import Pipeline V2.
Refreshing native plugins compatible for Editor in 40.28 ms, found 2 plugins.
Preloading 0 native plugins for Editor in 0.00 ms.
Initialize engine version: 2020.3.11f1 (99c7afb366b3)
[Subsystems] Discovering subsystems at path /Applications/Unity/Hub/Editor/2020.3.11f1/Unity.app/Contents/Resources/UnitySubsystems
[Subsystems] Discovering subsystems at path /Users/mockingjay/Documents/GitHub/InterioProject/Interio/Assets
GfxDevice: creating device client; threaded=0
2021-09-18 18:30:27.187 Unity[9279:1037639] Color LCD preferred device: Intel(R) Iris(TM) Plus Graphics 650 (low power)
2021-09-18 18:30:27.187 Unity[9279:1037639] Metal devices available: 1
2021-09-18 18:30:27.187 Unity[9279:1037639] 0: Intel(R) Iris(TM) Plus Graphics 650 (low power)
2021-09-18 18:30:27.188 Unity[9279:1037639] Using device Intel(R) Iris(TM) Plus Graphics 650 (low power)
Initializing Metal device caps: Intel(R) Iris(TM) Plus Graphics 650
Initialize mono
Mono path[0] = '/Applications/Unity/Hub/Editor/2020.3.11f1/Unity.app/Contents/Managed'
Mono path[1] = '/Applications/Unity/Hub/Editor/2020.3.11f1/Unity.app/Contents/MonoBleedingEdge/lib/mono/unityjit'
Mono config path = '/Applications/Unity/Hub/Editor/2020.3.11f1/Unity.app/Contents/MonoBleedingEdge/etc'
Using monoOptions --debugger-agent=transport=dt_socket,embedding=1,server=y,suspend=n,address=127.0.0.1:56279
Begin MonoManager ReloadAssembly
Registering precompiled unity dll's ...
Register platform support module: /Applications/Unity/Hub/Editor/2020.3.11f1/Unity.app/Contents/PlaybackEngines/MacStandaloneSupport/UnityEditor.OSXStandalone.Extensions.dll
Registered in 0.000582 seconds.
Native extension for OSXStandalone target not found
Refreshing native plugins compatible for Editor in 34.25 ms, found 2 plugins.
Preloading 0 native plugins for Editor in 0.00 ms.
Mono: successfully reloaded assembly
- Completed reload, in  2.958 seconds
Platform modules already initialized, skipping
Registering precompiled user dll's ...
Registered in 0.001929 seconds.
Begin MonoManager ReloadAssembly
Native extension for OSXStandalone target not found
Refreshing native plugins compatible for Editor in 0.42 ms, found 2 plugins.
Preloading 0 native plugins for Editor in 0.00 ms.
Mono: successfully reloaded assembly
- Completed reload, in  1.350 seconds
Platform modules already initialized, skipping
========================================================================
Worker process is ready to serve import requests
Launching external process: /Applications/Unity/Hub/Editor/2020.3.11f1/Unity.app/Contents/Tools/UnityShaderCompiler
Launched and connected shader compiler UnityShaderCompiler after 0.02 seconds
Refreshing native plugins compatible for Editor in 0.33 ms, found 2 plugins.
Preloading 0 native plugins for Editor in 0.00 ms.
Unloading 1429 Unused Serialized files (Serialized files now loaded: 0)
System memory in use before: 139.5 MB.
System memory in use after: 139.6 MB.

Unloading 19 unused Assets to reduce memory usage. Loaded Objects now: 1866.
Total: 2.012315 ms (FindLiveObjects: 0.242951 ms CreateObjectMapping: 0.079244 ms MarkObjects: 1.592999 ms  DeleteObjects: 0.096127 ms)

========================================================================
Received Import Request.
  path: Assets/Scenes/MainGame.unity
  artifactKey: Guid(63f97feda7e0047eb9b1c867f8c33eea) Importer(815301076,1909f56bfc062723c751e8b465ee728b)
Start importing Assets/Scenes/MainGame.unity using Guid(63f97feda7e0047eb9b1c867f8c33eea) Importer(815301076,1909f56bfc062723c751e8b465ee728b)  -> (artifact id: '66e29d07036fc92bc1d35be3abcf30d0') in 0.012295 seconds
  Import took 0.014890 seconds .

========================================================================
Received Prepare
Registering precompiled user dll's ...
Registered in 0.002954 seconds.
Begin MonoManager ReloadAssembly
Native extension for OSXStandalone target not found
Refreshing native plugins compatible for Editor in 0.60 ms, found 2 plugins.
Preloading 0 native plugins for Editor in 0.00 ms.
Mono: successfully reloaded assembly
- Completed reload, in  1.961 seconds
Platform modules already initialized, skipping
Refreshing native plugins compatible for Editor in 0.39 ms, found 2 plugins.
Preloading 0 native plugins for Editor in 0.00 ms.
Unloading 1424 Unused Serialized files (Serialized files now loaded: 0)
System memory in use before: 139.4 MB.
System memory in use after: 139.5 MB.

Unloading 14 unused Assets to reduce memory usage. Loaded Objects now: 1869.
Total: 3.936120 ms (FindLiveObjects: 0.262140 ms CreateObjectMapping: 0.104382 ms MarkObjects: 3.472340 ms  DeleteObjects: 0.095725 ms)

========================================================================
Received Import Request.
  Time since last request: 52.436102 seconds.
  path: Assets/Resources/Flooring_Carpets_CIDER-LA-MANUFACTURE_Playtime-Rug-thumb.png
  artifactKey: Guid(1b9b87fc9f6cc4339b33244edb158d02) Importer(815301076,1909f56bfc062723c751e8b465ee728b)
Start importing Assets/Resources/Flooring_Carpets_CIDER-LA-MANUFACTURE_Playtime-Rug-thumb.png using Guid(1b9b87fc9f6cc4339b33244edb158d02) Importer(815301076,1909f56bfc062723c751e8b465ee728b)  -> (artifact id: '2756c6b40b857be7f96e21a35240f7b5') in 0.209141 seconds
  Import took 0.215206 seconds .

========================================================================
Received Prepare
Registering precompiled user dll's ...
Registered in 0.002439 seconds.
Begin MonoManager ReloadAssembly
Native extension for OSXStandalone target not found
Refreshing native plugins compatible for Editor in 0.34 ms, found 2 plugins.
Preloading 0 native plugins for Editor in 0.00 ms.
Mono: successfully reloaded assembly
- Completed reload, in  1.207 seconds
Platform modules already initialized, skipping
Refreshing native plugins compatible for Editor in 0.45 ms, found 2 plugins.
Preloading 0 native plugins for Editor in 0.00 ms.
Unloading 1424 Unused Serialized files (Serialized files now loaded: 0)
System memory in use before: 147.4 MB.
System memory in use after: 147.4 MB.

Unloading 14 unused Assets to reduce memory usage. Loaded Objects now: 1878.
Total: 2.017824 ms (FindLiveObjects: 0.252593 ms CreateObjectMapping: 0.059262 ms MarkObjects: 1.648292 ms  DeleteObjects: 0.056832 ms)

========================================================================
Received Import Request.
  Time since last request: 279.180399 seconds.
  path: Assets/Resources/GameObject.prefab
  artifactKey: Guid(dd30e504b44a2471e8419c5a9cbbcba8) Importer(815301076,1909f56bfc062723c751e8b465ee728b)
Start importing Assets/Resources/GameObject.prefab using Guid(dd30e504b44a2471e8419c5a9cbbcba8) Importer(815301076,1909f56bfc062723c751e8b465ee728b)  -> (artifact id: '782d5d5f0ed0d8c6f7e6291506479aa4') in 0.103774 seconds
  Import took 0.106369 seconds .

========================================================================
Received Import Request.
  Time since last request: 54.076729 seconds.
  path: Assets/Resources/GameObject.prefab
  artifactKey: Guid(dd30e504b44a2471e8419c5a9cbbcba8) Importer(815301076,1909f56bfc062723c751e8b465ee728b)
Start importing Assets/Resources/GameObject.prefab using Guid(dd30e504b44a2471e8419c5a9cbbcba8) Importer(815301076,1909f56bfc062723c751e8b465ee728b)  -> (artifact id: '11b6751ab7455d1ed398271683a938a8') in 0.016481 seconds
  Import took 0.021147 seconds .

========================================================================
Received Prepare
Registering precompiled user dll's ...
Registered in 0.001791 seconds.
Begin MonoManager ReloadAssembly
Native extension for OSXStandalone target not found
Refreshing native plugins compatible for Editor in 0.42 ms, found 2 plugins.
Preloading 0 native plugins for Editor in 0.00 ms.
Mono: successfully reloaded assembly
- Completed reload, in  1.331 seconds
Platform modules already initialized, skipping
Refreshing native plugins compatible for Editor in 0.44 ms, found 2 plugins.
Preloading 0 native plugins for Editor in 0.00 ms.
Unloading 1424 Unused Serialized files (Serialized files now loaded: 0)
System memory in use before: 153.6 MB.
System memory in use after: 153.7 MB.

Unloading 14 unused Assets to reduce memory usage. Loaded Objects now: 1886.
Total: 1.976413 ms (FindLiveObjects: 0.171776 ms CreateObjectMapping: 0.052935 ms MarkObjects: 1.693583 ms  DeleteObjects: 0.056964 ms)

========================================================================
Received Import Request.
  Time since last request: 146.681255 seconds.
  path: Assets/Resources/屏幕快照 2021-09-18 下午6.38.54.png
  artifactKey: Guid(d8cee96584e1c43db85be06683d0c45f) Importer(815301076,1909f56bfc062723c751e8b465ee728b)
Start importing Assets/Resources/屏幕快照 2021-09-18 下午6.38.54.png using Guid(d8cee96584e1c43db85be06683d0c45f) Importer(815301076,1909f56bfc062723c751e8b465ee728b)  -> (artifact id: '4439929e8bf5d802ac2d69ffac9f6e34') in 0.034062 seconds
  Import took 0.036546 seconds .

========================================================================
Received Import Request.
  Time since last request: 10.596249 seconds.
  path: Assets/Resources/屏幕快照 2021-09-18 下午6.38.54.png
  artifactKey: Guid(d8cee96584e1c43db85be06683d0c45f) Importer(815301076,1909f56bfc062723c751e8b465ee728b)
Start importing Assets/Resources/屏幕快照 2021-09-18 下午6.38.54.png using Guid(d8cee96584e1c43db85be06683d0c45f) Importer(815301076,1909f56bfc062723c751e8b465ee728b)  -> (artifact id: '579add5b07b354428a12b31392a6fff7') in 0.035950 seconds
  Import took 0.039258 seconds .

========================================================================
Received Import Request.
  Time since last request: 23.884503 seconds.
  path: Assets/Resources/Furniture_Chairs-Stools-Benches_CIDER-LA-MANUFACTURE_Toro.prefab
  artifactKey: Guid(dd30e504b44a2471e8419c5a9cbbcba8) Importer(815301076,1909f56bfc062723c751e8b465ee728b)
Start importing Assets/Resources/Furniture_Chairs-Stools-Benches_CIDER-LA-MANUFACTURE_Toro.prefab using Guid(dd30e504b44a2471e8419c5a9cbbcba8) Importer(815301076,1909f56bfc062723c751e8b465ee728b)  -> (artifact id: '0684cf0184f0a46d87bfe2d5c2c53980') in 0.079509 seconds
  Import took 0.082572 seconds .

========================================================================
Received Import Request.
  Time since last request: 14.267708 seconds.
  path: Assets/Resources/Furniture_Chairs-Stools-Benches_CIDER-LA-MANUFACTURE_Toro-thumb.prefab
  artifactKey: Guid(dd30e504b44a2471e8419c5a9cbbcba8) Importer(815301076,1909f56bfc062723c751e8b465ee728b)
Start importing Assets/Resources/Furniture_Chairs-Stools-Benches_CIDER-LA-MANUFACTURE_Toro-thumb.prefab using Guid(dd30e504b44a2471e8419c5a9cbbcba8) Importer(815301076,1909f56bfc062723c751e8b465ee728b)  -> (artifact id: 'a6a6132dc63e46010b7513a68905de5e') in 0.019951 seconds
  Import took 0.025280 seconds .

========================================================================
Received Import Request.
  Time since last request: 5.482150 seconds.
  path: Assets/Resources/Furniture_Chairs-Stools-Benches_CIDER-LA-MANUFACTURE_Toro.png
  artifactKey: Guid(d8cee96584e1c43db85be06683d0c45f) Importer(815301076,1909f56bfc062723c751e8b465ee728b)
Start importing Assets/Resources/Furniture_Chairs-Stools-Benches_CIDER-LA-MANUFACTURE_Toro.png using Guid(d8cee96584e1c43db85be06683d0c45f) Importer(815301076,1909f56bfc062723c751e8b465ee728b)  -> (artifact id: 'dc4d394f069eb969fa10e5c65acd72a6') in 0.048488 seconds
  Import took 0.052162 seconds .

========================================================================
Received Prepare
Registering precompiled user dll's ...
Registered in 0.002081 seconds.
Begin MonoManager ReloadAssembly
Native extension for OSXStandalone target not found
Refreshing native plugins compatible for Editor in 0.51 ms, found 2 plugins.
Preloading 0 native plugins for Editor in 0.00 ms.
Mono: successfully reloaded assembly
- Completed reload, in  1.221 seconds
Platform modules already initialized, skipping
Refreshing native plugins compatible for Editor in 0.29 ms, found 2 plugins.
Preloading 0 native plugins for Editor in 0.00 ms.
Unloading 1424 Unused Serialized files (Serialized files now loaded: 0)
System memory in use before: 154.0 MB.
System memory in use after: 154.1 MB.

Unloading 14 unused Assets to reduce memory usage. Loaded Objects now: 1893.
Total: 1.753806 ms (FindLiveObjects: 0.148348 ms CreateObjectMapping: 0.038679 ms MarkObjects: 1.505418 ms  DeleteObjects: 0.060413 ms)

========================================================================
Received Import Request.
  Time since last request: 57.864616 seconds.
  path: Assets/Resources/Furniture_Chairs-Stools-Benches_CIDER-LA-MANUFACTURE_Toro-thumb.png
  artifactKey: Guid(d8cee96584e1c43db85be06683d0c45f) Importer(815301076,1909f56bfc062723c751e8b465ee728b)
Start importing Assets/Resources/Furniture_Chairs-Stools-Benches_CIDER-LA-MANUFACTURE_Toro-thumb.png using Guid(d8cee96584e1c43db85be06683d0c45f) Importer(815301076,1909f56bfc062723c751e8b465ee728b)  -> (artifact id: '22999415aa6ee3ba145af04c4be7f534') in 0.054902 seconds
  Import took 0.057563 seconds .

========================================================================
Received Prepare
Registering precompiled user dll's ...
Registered in 0.002005 seconds.
Begin MonoManager ReloadAssembly
Native extension for OSXStandalone target not found
Refreshing native plugins compatible for Editor in 0.34 ms, found 2 plugins.
Preloading 0 native plugins for Editor in 0.00 ms.
Mono: successfully reloaded assembly
- Completed reload, in  1.176 seconds
Platform modules already initialized, skipping
Refreshing native plugins compatible for Editor in 0.34 ms, found 2 plugins.
Preloading 0 native plugins for Editor in 0.00 ms.
Unloading 1424 Unused Serialized files (Serialized files now loaded: 0)
System memory in use before: 154.3 MB.
System memory in use after: 154.4 MB.

Unloading 14 unused Assets to reduce memory usage. Loaded Objects now: 1897.
Total: 1.826175 ms (FindLiveObjects: 0.164643 ms CreateObjectMapping: 0.042667 ms MarkObjects: 1.562889 ms  DeleteObjects: 0.055029 ms)

========================================================================
Received Import Request.
  Time since last request: 292.724189 seconds.
  path: Assets/Resources/Furniture_Sofas-Armchairs_CIDER-LA-MANUFACTURE_Cast-Assises-Canape 1.prefab
  artifactKey: Guid(a6f15e804446d4c3eb2979145e9d4457) Importer(815301076,1909f56bfc062723c751e8b465ee728b)
Start importing Assets/Resources/Furniture_Sofas-Armchairs_CIDER-LA-MANUFACTURE_Cast-Assises-Canape 1.prefab using Guid(a6f15e804446d4c3eb2979145e9d4457) Importer(815301076,1909f56bfc062723c751e8b465ee728b)  -> (artifact id: '877bf070315aaafab7b927ca32459622') in 0.063685 seconds
  Import took 0.066200 seconds .

========================================================================
Received Import Request.
  Time since last request: 38.756870 seconds.
  path: Assets/Resources/Screen Shot 2021-09-08 at 2.43.05 PM.png
  artifactKey: Guid(3382afcf4fb6f4a34876620bb4f120b0) Importer(815301076,1909f56bfc062723c751e8b465ee728b)
Start importing Assets/Resources/Screen Shot 2021-09-08 at 2.43.05 PM.png using Guid(3382afcf4fb6f4a34876620bb4f120b0) Importer(815301076,1909f56bfc062723c751e8b465ee728b)  -> (artifact id: 'e4097892161717cfbd6200ff97554cf5') in 0.047895 seconds
  Import took 0.051660 seconds .

========================================================================
Received Import Request.
  Time since last request: 8.578210 seconds.
  path: Assets/Resources/Screen Shot 2-thumb021-09-08 at 2.43.05 PM.png
  artifactKey: Guid(3382afcf4fb6f4a34876620bb4f120b0) Importer(815301076,1909f56bfc062723c751e8b465ee728b)
Start importing Assets/Resources/Screen Shot 2-thumb021-09-08 at 2.43.05 PM.png using Guid(3382afcf4fb6f4a34876620bb4f120b0) Importer(815301076,1909f56bfc062723c751e8b465ee728b)  -> (artifact id: 'f7cf0a8952d82d59b251ef9da6454425') in 0.046126 seconds
  Import took 0.050596 seconds .

========================================================================
Received Import Request.
  Time since last request: 11.673650 seconds.
  path: Assets/Resources/Furniture_Sofas-Armchairs_CIDER-LA-MANUFACTURE_Cast-Assises-Canape.png
  artifactKey: Guid(3382afcf4fb6f4a34876620bb4f120b0) Importer(815301076,1909f56bfc062723c751e8b465ee728b)
Start importing Assets/Resources/Furniture_Sofas-Armchairs_CIDER-LA-MANUFACTURE_Cast-Assises-Canape.png using Guid(3382afcf4fb6f4a34876620bb4f120b0) Importer(815301076,1909f56bfc062723c751e8b465ee728b)  -> (artifact id: 'f0f2ea3694d0ccbdb25d3ad95ed61116') in 0.048616 seconds
  Import took 0.053059 seconds .

========================================================================
Received Import Request.
  Time since last request: 12.977972 seconds.
  path: Assets/Resources/Furniture_Sofas-Armchairs_CIDER-LA-MANUFACTURE_Cast-Assises-Canape.prefab
  artifactKey: Guid(a6f15e804446d4c3eb2979145e9d4457) Importer(815301076,1909f56bfc062723c751e8b465ee728b)
Start importing Assets/Resources/Furniture_Sofas-Armchairs_CIDER-LA-MANUFACTURE_Cast-Assises-Canape.prefab using Guid(a6f15e804446d4c3eb2979145e9d4457) Importer(815301076,1909f56bfc062723c751e8b465ee728b)  -> (artifact id: 'a3155747215b999fb54911e8900d2c24') in 0.018959 seconds
  Import took 0.023728 seconds .

========================================================================
Received Import Request.
  Time since last request: 29.402381 seconds.
  path: Assets/Resources/Furniture_Sofas-Armchairs_CIDER-LA-MANUFACTURE_Cast-Assises-Canape-thumb.png
  artifactKey: Guid(3382afcf4fb6f4a34876620bb4f120b0) Importer(815301076,1909f56bfc062723c751e8b465ee728b)
Start importing Assets/Resources/Furniture_Sofas-Armchairs_CIDER-LA-MANUFACTURE_Cast-Assises-Canape-thumb.png using Guid(3382afcf4fb6f4a34876620bb4f120b0) Importer(815301076,1909f56bfc062723c751e8b465ee728b)  -> (artifact id: 'a5c646ef97705b59908b95313eee788b') in 0.048801 seconds
  Import took 0.052112 seconds .

========================================================================
Received Prepare
Registering precompiled user dll's ...
Registered in 0.001790 seconds.
Begin MonoManager ReloadAssembly
Native extension for OSXStandalone target not found
Refreshing native plugins compatible for Editor in 0.35 ms, found 2 plugins.
Preloading 0 native plugins for Editor in 0.00 ms.
Mono: successfully reloaded assembly
- Completed reload, in  1.178 seconds
Platform modules already initialized, skipping
Refreshing native plugins compatible for Editor in 0.40 ms, found 2 plugins.
Preloading 0 native plugins for Editor in 0.00 ms.
Unloading 1424 Unused Serialized files (Serialized files now loaded: 0)
System memory in use before: 154.8 MB.
System memory in use after: 154.9 MB.

Unloading 14 unused Assets to reduce memory usage. Loaded Objects now: 1903.
Total: 1.884603 ms (FindLiveObjects: 0.207620 ms CreateObjectMapping: 0.049609 ms MarkObjects: 1.571318 ms  DeleteObjects: 0.055006 ms)

========================================================================
Received Import Request.
  Time since last request: 67.154349 seconds.
  path: Assets/3D Models/Furniture/flooringcarpetscider-la-manufactureplaytime-rug
  artifactKey: Guid(150f46a3d5a044d279cb0aff40c0a457) Importer(815301076,1909f56bfc062723c751e8b465ee728b)
Start importing Assets/3D Models/Furniture/flooringcarpetscider-la-manufactureplaytime-rug using Guid(150f46a3d5a044d279cb0aff40c0a457) Importer(815301076,1909f56bfc062723c751e8b465ee728b)  -> (artifact id: '0c7700531223cbc9fd9b21ba62e079d4') in 0.008700 seconds
  Import took 0.014943 seconds .

========================================================================
Received Import Request.
  Time since last request: 0.078879 seconds.
  path: Assets/3D Models/Furniture/flooringcarpetscider-la-manufactureplaytime-rug/Abacus.jpg
  artifactKey: Guid(c0485243c3625410e96d193d33d4dffa) Importer(815301076,1909f56bfc062723c751e8b465ee728b)
Start importing Assets/3D Models/Furniture/flooringcarpetscider-la-manufactureplaytime-rug/Abacus.jpg using Guid(c0485243c3625410e96d193d33d4dffa) Importer(815301076,1909f56bfc062723c751e8b465ee728b)  -> (artifact id: 'bd774e98c430ef82c37e8ae286951fc0') in 0.058107 seconds
  Import took 0.061459 seconds .

========================================================================
Received Import Request.
  Time since last request: 0.000213 seconds.
  path: Assets/3D Models/Furniture/flooringcarpetscider-la-manufactureplaytime-rug/Flooring_Carpets_CIDER-LA-MANUFACTURE_Playtime-Rug.obj
  artifactKey: Guid(f84b0eb35fabc40ce8ab8250e6b7dda2) Importer(815301076,1909f56bfc062723c751e8b465ee728b)
Start importing Assets/3D Models/Furniture/flooringcarpetscider-la-manufactureplaytime-rug/Flooring_Carpets_CIDER-LA-MANUFACTURE_Playtime-Rug.obj using Guid(f84b0eb35fabc40ce8ab8250e6b7dda2) Importer(815301076,1909f56bfc062723c751e8b465ee728b)  -> (artifact id: '0306949da4c0926d895ead2393394d39') in 0.130565 seconds
  Import took 0.133143 seconds .

========================================================================
Received Import Request.
  Time since last request: 285.571356 seconds.
  path: Assets/Resources/IKE050020.prefab
  artifactKey: Guid(90f5e2fffad8047f5953503417d8578f) Importer(815301076,1909f56bfc062723c751e8b465ee728b)
Start importing Assets/Resources/IKE050020.prefab using Guid(90f5e2fffad8047f5953503417d8578f) Importer(815301076,1909f56bfc062723c751e8b465ee728b)  -> (artifact id: '5c5b6635807c08ba91aeff913889010e') in 0.017862 seconds
  Import took 0.021043 seconds .

========================================================================
Received Prepare
Registering precompiled user dll's ...
Registered in 0.001726 seconds.
Begin MonoManager ReloadAssembly
Native extension for OSXStandalone target not found
Refreshing native plugins compatible for Editor in 0.97 ms, found 2 plugins.
Preloading 0 native plugins for Editor in 0.00 ms.
Mono: successfully reloaded assembly
- Completed reload, in  1.670 seconds
Platform modules already initialized, skipping
Refreshing native plugins compatible for Editor in 0.58 ms, found 2 plugins.
Preloading 0 native plugins for Editor in 0.00 ms.
Unloading 1424 Unused Serialized files (Serialized files now loaded: 0)
System memory in use before: 164.0 MB.
System memory in use after: 164.0 MB.

Unloading 14 unused Assets to reduce memory usage. Loaded Objects now: 1944.
Total: 3.323168 ms (FindLiveObjects: 0.283419 ms CreateObjectMapping: 0.063949 ms MarkObjects: 2.882549 ms  DeleteObjects: 0.091469 ms)

========================================================================
Received Import Request.
  Time since last request: 60.461699 seconds.
  path: Assets/Resources/屏幕快照 2021-09-18 下午6.54.28.png
  artifactKey: Guid(9d88469de81ab468b929993071c75657) Importer(815301076,1909f56bfc062723c751e8b465ee728b)
Start importing Assets/Resources/屏幕快照 2021-09-18 下午6.54.28.png using Guid(9d88469de81ab468b929993071c75657) Importer(815301076,1909f56bfc062723c751e8b465ee728b)  -> (artifact id: 'e827cf0c376ce295b0d45c3d2bd60b57') in 0.054731 seconds
  Import took 0.059693 seconds .

========================================================================
Received Import Request.
  Time since last request: 6.134399 seconds.
  path: Assets/Resources/屏幕快照 2021-09-18 下午6.54.28.png
  artifactKey: Guid(9d88469de81ab468b929993071c75657) Importer(815301076,1909f56bfc062723c751e8b465ee728b)
Start importing Assets/Resources/屏幕快照 2021-09-18 下午6.54.28.png using Guid(9d88469de81ab468b929993071c75657) Importer(815301076,1909f56bfc062723c751e8b465ee728b)  -> (artifact id: '175ab6e84ab0c10b7ed7af0eeb9b5787') in 0.051772 seconds
  Import took 0.054369 seconds .

========================================================================
Received Import Request.
  Time since last request: 0.004024 seconds.
  path: Assets/Resources/屏幕快照 2021-09-18 下午6.54.28.png
  artifactKey: Guid(9d88469de81ab468b929993071c75657) Importer(815301076,1909f56bfc062723c751e8b465ee728b)
Start importing Assets/Resources/屏幕快照 2021-09-18 下午6.54.28.png using Guid(9d88469de81ab468b929993071c75657) Importer(815301076,1909f56bfc062723c751e8b465ee728b)  -> (artifact id: '175ab6e84ab0c10b7ed7af0eeb9b5787') in 0.023160 seconds
  Import took 0.028209 seconds .

========================================================================
Received Import Request.
  Time since last request: 12.028972 seconds.
  path: Assets/Resources/IKE050020-thumb.png
  artifactKey: Guid(9d88469de81ab468b929993071c75657) Importer(815301076,1909f56bfc062723c751e8b465ee728b)
Start importing Assets/Resources/IKE050020-thumb.png using Guid(9d88469de81ab468b929993071c75657) Importer(815301076,1909f56bfc062723c751e8b465ee728b)  -> (artifact id: 'e86e4c29a19fd658654b83fa35297364') in 0.012135 seconds
  Import took 0.015532 seconds .

========================================================================
Received Import Request.
  Time since last request: 31.994597 seconds.
  path: Assets/Resources/屏幕快照 2021-09-18 下午6.54.28.png
  artifactKey: Guid(893a93c856ae447f180a1a98f211f86c) Importer(815301076,1909f56bfc062723c751e8b465ee728b)
Start importing Assets/Resources/屏幕快照 2021-09-18 下午6.54.28.png using Guid(893a93c856ae447f180a1a98f211f86c) Importer(815301076,1909f56bfc062723c751e8b465ee728b)  -> (artifact id: 'f32fb677d5fddde9e77bf6b2b293a355') in 0.021497 seconds
  Import took 0.025499 seconds .

========================================================================
Received Import Request.
  Time since last request: 7.010121 seconds.
  path: Assets/Resources/屏幕快照 2021-09-18 下午6.54.28.png
  artifactKey: Guid(893a93c856ae447f180a1a98f211f86c) Importer(815301076,1909f56bfc062723c751e8b465ee728b)
Start importing Assets/Resources/屏幕快照 2021-09-18 下午6.54.28.png using Guid(893a93c856ae447f180a1a98f211f86c) Importer(815301076,1909f56bfc062723c751e8b465ee728b)  -> (artifact id: '810dd5002e6e6ed728ad15bafa210a8c') in 0.030233 seconds
  Import took 0.033136 seconds .

========================================================================
Received Import Request.
  Time since last request: 36.531081 seconds.
  path: Assets/Resources/IKE050020.png
  artifactKey: Guid(893a93c856ae447f180a1a98f211f86c) Importer(815301076,1909f56bfc062723c751e8b465ee728b)
Start importing Assets/Resources/IKE050020.png using Guid(893a93c856ae447f180a1a98f211f86c) Importer(815301076,1909f56bfc062723c751e8b465ee728b)  -> (artifact id: 'd13df9faea3a972938d1f188df523a8e') in 0.046816 seconds
  Import took 0.051142 seconds .

========================================================================
Received Prepare
Registering precompiled user dll's ...
Registered in 0.001854 seconds.
Begin MonoManager ReloadAssembly
Native extension for OSXStandalone target not found
Refreshing native plugins compatible for Editor in 0.41 ms, found 2 plugins.
Preloading 0 native plugins for Editor in 0.00 ms.
Mono: successfully reloaded assembly
- Completed reload, in  1.232 seconds
Platform modules already initialized, skipping
Refreshing native plugins compatible for Editor in 0.32 ms, found 2 plugins.
Preloading 0 native plugins for Editor in 0.00 ms.
Unloading 1424 Unused Serialized files (Serialized files now loaded: 0)
System memory in use before: 164.3 MB.
System memory in use after: 164.3 MB.

Unloading 14 unused Assets to reduce memory usage. Loaded Objects now: 1951.
Total: 1.992059 ms (FindLiveObjects: 0.160490 ms CreateObjectMapping: 0.043421 ms MarkObjects: 1.729508 ms  DeleteObjects: 0.057721 ms)

========================================================================
Received Import Request.
  Time since last request: 48.916585 seconds.
  path: Assets/Resources/WechatIMG540.png
  artifactKey: Guid(f0f63e39a6d224c96b81556cafc49230) Importer(815301076,1909f56bfc062723c751e8b465ee728b)
Start importing Assets/Resources/WechatIMG540.png using Guid(f0f63e39a6d224c96b81556cafc49230) Importer(815301076,1909f56bfc062723c751e8b465ee728b)  -> (artifact id: '2dc1a2c1eadde3edfb0a6d48dcaa65cc') in 0.050093 seconds
  Import took 0.053932 seconds .

========================================================================
Received Import Request.
  Time since last request: 0.002103 seconds.
  path: Assets/Resources/WechatIMG540.png
  artifactKey: Guid(f0f63e39a6d224c96b81556cafc49230) Importer(815301076,1909f56bfc062723c751e8b465ee728b)
Start importing Assets/Resources/WechatIMG540.png using Guid(f0f63e39a6d224c96b81556cafc49230) Importer(815301076,1909f56bfc062723c751e8b465ee728b)  -> (artifact id: '2dc1a2c1eadde3edfb0a6d48dcaa65cc') in 0.008651 seconds
  Import took 0.012343 seconds .

========================================================================
Received Import Request.
  Time since last request: 19.053297 seconds.
  path: Assets/Resources/WechatIMG540.png
  artifactKey: Guid(f0f63e39a6d224c96b81556cafc49230) Importer(815301076,1909f56bfc062723c751e8b465ee728b)
Start importing Assets/Resources/WechatIMG540.png using Guid(f0f63e39a6d224c96b81556cafc49230) Importer(815301076,1909f56bfc062723c751e8b465ee728b)  -> (artifact id: 'c755f3a19d3a45487ae61c8110c4fd4e') in 0.052360 seconds
  Import took 0.055033 seconds .

========================================================================
Received Import Request.
  Time since last request: 0.004369 seconds.
  path: Assets/Resources/WechatIMG540.png
  artifactKey: Guid(f0f63e39a6d224c96b81556cafc49230) Importer(815301076,1909f56bfc062723c751e8b465ee728b)
Start importing Assets/Resources/WechatIMG540.png using Guid(f0f63e39a6d224c96b81556cafc49230) Importer(815301076,1909f56bfc062723c751e8b465ee728b)  -> (artifact id: 'c755f3a19d3a45487ae61c8110c4fd4e') in 0.018596 seconds
  Import took 0.022197 seconds .

========================================================================
Received Import Request.
  Time since last request: 13.704428 seconds.
  path: Assets/Resources/Flooring_Carpets_CIDER-LA-MANUFACTURE_Playtime-Rug-thumb.png
  artifactKey: Guid(f0f63e39a6d224c96b81556cafc49230) Importer(815301076,1909f56bfc062723c751e8b465ee728b)
Start importing Assets/Resources/Flooring_Carpets_CIDER-LA-MANUFACTURE_Playtime-Rug-thumb.png using Guid(f0f63e39a6d224c96b81556cafc49230) Importer(815301076,1909f56bfc062723c751e8b465ee728b)  -> (artifact id: '1d0ed840d1bbff0aeb6707464c3c8bd7') in 0.053647 seconds
  Import took 0.057629 seconds .

========================================================================
Received Prepare
Registering precompiled user dll's ...
Registered in 0.001782 seconds.
Begin MonoManager ReloadAssembly
Native extension for OSXStandalone target not found
Refreshing native plugins compatible for Editor in 0.57 ms, found 2 plugins.
Preloading 0 native plugins for Editor in 0.00 ms.
Mono: successfully reloaded assembly
- Completed reload, in  1.779 seconds
Platform modules already initialized, skipping
Refreshing native plugins compatible for Editor in 0.48 ms, found 2 plugins.
Preloading 0 native plugins for Editor in 0.00 ms.
Unloading 1424 Unused Serialized files (Serialized files now loaded: 0)
System memory in use before: 164.5 MB.
System memory in use after: 164.6 MB.

Unloading 14 unused Assets to reduce memory usage. Loaded Objects now: 1957.
Total: 2.536955 ms (FindLiveObjects: 0.221427 ms CreateObjectMapping: 0.060961 ms MarkObjects: 2.183582 ms  DeleteObjects: 0.070049 ms)

========================================================================
Received Import Request.
  Time since last request: 45.434220 seconds.
  path: Assets/Resources/屏幕快照 2021-09-18 下午6.58.14.png
  artifactKey: Guid(b94d3e287a9f247119b20af9a0a26a37) Importer(815301076,1909f56bfc062723c751e8b465ee728b)
Start importing Assets/Resources/屏幕快照 2021-09-18 下午6.58.14.png using Guid(b94d3e287a9f247119b20af9a0a26a37) Importer(815301076,1909f56bfc062723c751e8b465ee728b)  -> (artifact id: '6dcc97a6bbcbe7fe4f2610a4002291a8') in 0.066190 seconds
  Import took 0.070095 seconds .

========================================================================
Received Import Request.
  Time since last request: 5.307474 seconds.
  path: Assets/Resources/屏幕快照 2021-09-18 下午6.58.14.png
  artifactKey: Guid(b94d3e287a9f247119b20af9a0a26a37) Importer(815301076,1909f56bfc062723c751e8b465ee728b)
Start importing Assets/Resources/屏幕快照 2021-09-18 下午6.58.14.png using Guid(b94d3e287a9f247119b20af9a0a26a37) Importer(815301076,1909f56bfc062723c751e8b465ee728b)  -> (artifact id: '2c956ee1761e47e1103e3d34add668ee') in 0.048789 seconds
  Import took 0.051646 seconds .

========================================================================
Received Import Request.
  Time since last request: 0.006661 seconds.
  path: Assets/Resources/屏幕快照 2021-09-18 下午6.58.14.png
  artifactKey: Guid(b94d3e287a9f247119b20af9a0a26a37) Importer(815301076,1909f56bfc062723c751e8b465ee728b)
Start importing Assets/Resources/屏幕快照 2021-09-18 下午6.58.14.png using Guid(b94d3e287a9f247119b20af9a0a26a37) Importer(815301076,1909f56bfc062723c751e8b465ee728b)  -> (artifact id: '2c956ee1761e47e1103e3d34add668ee') in 0.023609 seconds
  Import took 0.028335 seconds .

========================================================================
Received Import Request.
  Time since last request: 13.689971 seconds.
  path: Assets/Resources/LEKSIVK Table-thumb.png
  artifactKey: Guid(b94d3e287a9f247119b20af9a0a26a37) Importer(815301076,1909f56bfc062723c751e8b465ee728b)
Start importing Assets/Resources/LEKSIVK Table-thumb.png using Guid(b94d3e287a9f247119b20af9a0a26a37) Importer(815301076,1909f56bfc062723c751e8b465ee728b)  -> (artifact id: '4b6026ea57809180fbe8df9724ff19cd') in 0.012241 seconds
  Import took 0.015114 seconds .

========================================================================
Received Prepare
Registering precompiled user dll's ...
Registered in 0.002314 seconds.
Begin MonoManager ReloadAssembly
Native extension for OSXStandalone target not found
Refreshing native plugins compatible for Editor in 0.34 ms, found 2 plugins.
Preloading 0 native plugins for Editor in 0.00 ms.
Mono: successfully reloaded assembly
- Completed reload, in  1.160 seconds
Platform modules already initialized, skipping
Refreshing native plugins compatible for Editor in 0.39 ms, found 2 plugins.
Preloading 0 native plugins for Editor in 0.00 ms.
Unloading 1424 Unused Serialized files (Serialized files now loaded: 0)
System memory in use before: 164.8 MB.
System memory in use after: 164.9 MB.

Unloading 14 unused Assets to reduce memory usage. Loaded Objects now: 1963.
Total: 2.284932 ms (FindLiveObjects: 0.282448 ms CreateObjectMapping: 0.103135 ms MarkObjects: 1.834989 ms  DeleteObjects: 0.061861 ms)

========================================================================
Received Import Request.
  Time since last request: 72.141407 seconds.
  path: Assets/Scenes/WelcomePage.unity
  artifactKey: Guid(2aee5b4a862fc4aafb673727eb056749) Importer(815301076,1909f56bfc062723c751e8b465ee728b)
Start importing Assets/Scenes/WelcomePage.unity using Guid(2aee5b4a862fc4aafb673727eb056749) Importer(815301076,1909f56bfc062723c751e8b465ee728b)  -> (artifact id: '78a326305745a255591cd7fc85a0257c') in 0.028313 seconds
  Import took 0.032229 seconds .

========================================================================
Received Prepare
Registering precompiled user dll's ...
Registered in 0.001775 seconds.
Begin MonoManager ReloadAssembly
Native extension for OSXStandalone target not found
Refreshing native plugins compatible for Editor in 0.36 ms, found 2 plugins.
Preloading 0 native plugins for Editor in 0.00 ms.
Mono: successfully reloaded assembly
- Completed reload, in  1.267 seconds
Platform modules already initialized, skipping
Refreshing native plugins compatible for Editor in 0.35 ms, found 2 plugins.
Preloading 0 native plugins for Editor in 0.00 ms.
Unloading 1424 Unused Serialized files (Serialized files now loaded: 0)
System memory in use before: 165.0 MB.
System memory in use after: 165.1 MB.

Unloading 14 unused Assets to reduce memory usage. Loaded Objects now: 1966.
Total: 2.516793 ms (FindLiveObjects: 0.199378 ms CreateObjectMapping: 0.074932 ms MarkObjects: 2.176558 ms  DeleteObjects: 0.064320 ms)

========================================================================
Received Import Request.
  Time since last request: 82.881124 seconds.
  path: Assets/Scenes/Profile.unity
  artifactKey: Guid(4497d341e6a514a33bd1e8aab1966baf) Importer(815301076,1909f56bfc062723c751e8b465ee728b)
Start importing Assets/Scenes/Profile.unity using Guid(4497d341e6a514a33bd1e8aab1966baf) Importer(815301076,1909f56bfc062723c751e8b465ee728b)  -> (artifact id: 'f5a4bf796997c22f5d823c91a060c8e3') in 0.030825 seconds
  Import took 0.036090 seconds .

========================================================================
Received Import Request.
  Time since last request: 27.278040 seconds.
  path: Assets/Scenes/WelcomePage.unity
  artifactKey: Guid(2aee5b4a862fc4aafb673727eb056749) Importer(815301076,1909f56bfc062723c751e8b465ee728b)
Start importing Assets/Scenes/WelcomePage.unity using Guid(2aee5b4a862fc4aafb673727eb056749) Importer(815301076,1909f56bfc062723c751e8b465ee728b)  -> (artifact id: 'd7c232f113a55ba3c58816aa4a91b8a8') in 0.004171 seconds
  Import took 0.011846 seconds .

========================================================================
Received Import Request.
  Time since last request: 11.477696 seconds.
  path: Assets/Scenes/Profile.unity
  artifactKey: Guid(4497d341e6a514a33bd1e8aab1966baf) Importer(815301076,1909f56bfc062723c751e8b465ee728b)
Start importing Assets/Scenes/Profile.unity using Guid(4497d341e6a514a33bd1e8aab1966baf) Importer(815301076,1909f56bfc062723c751e8b465ee728b)  -> (artifact id: 'd1f45e6b4bd56c57c8f8b6d3a2ee609f') in 0.003827 seconds
  Import took 0.009794 seconds .

